{
  "stats": {
    "suites": 1,
    "tests": 4,
    "passes": 3,
    "pending": 0,
    "failures": 1,
    "start": "2025-10-13T23:09:10.253Z",
    "end": "2025-10-13T23:09:36.778Z",
    "duration": 26525,
    "testsRegistered": 4,
    "passPercent": 75,
    "pendingPercent": 0,
    "other": 0,
    "hasOther": false,
    "skipped": 0,
    "hasSkipped": false
  },
  "results": [
    {
      "uuid": "97a32144-f636-4202-ab86-c304f0021b72",
      "title": "",
      "fullFile": "cypress/e2e/app/user/user.spec.cy.js",
      "file": "cypress/e2e/app/user/user.spec.cy.js",
      "beforeHooks": [],
      "afterHooks": [],
      "tests": [],
      "suites": [
        {
          "uuid": "c74d24b9-0c97-4fc2-a3a2-e7d614c7b02c",
          "title": "Usuários devem realizar o gerenciamento do seu perfil e o crud de usuários de nível inferior",
          "fullFile": "",
          "file": "",
          "beforeHooks": [],
          "afterHooks": [],
          "tests": [
            {
              "title": "Inserção de usuário",
              "fullTitle": "Usuários devem realizar o gerenciamento do seu perfil e o crud de usuários de nível inferior Inserção de usuário",
              "timedOut": null,
              "duration": 8108,
              "state": "passed",
              "speed": "medium",
              "pass": true,
              "fail": false,
              "pending": false,
              "context": null,
              "code": "cy.login(Cypress.env('USER_MASTER'), Cypress.env('USER_MASTER_PASSWORD'));\ncy.wait(400);\ncy.get('a').contains('Gerenciar Usuários').should('exist').click();\ncy.wait(400);\ncy.get('.navbar-toggler-icon').should('exist').click();\ncy.wait(400);\ncy.get('#register-user').should('exist').click();\ncy.wait(400);\ncy.get('#primeiro-nome').should('exist').type('João');\ncy.get('#ultimo-nome').should('exist').type('Magalhães');\ncy.get('#matricula').should('exist').type('4' + Math.floor(Math.random() * 100000));\ncy.get('#privilegio').should('exist').select('admin');\ncy.get('input[name=\"senha\"]').should('exist').type('12345678910');\ncy.get('button[type=\"submit\"]').should('exist').click();\ncy.wait(400);\ncy.get('.navbar-toggler-icon').should('exist').click();\ncy.wait(400);\ncy.get('#generated-passwords').should('exist').click();\n//----------------------------------------------------//\ncy.wait(400);\ncy.get('button').contains('Copiar Senha').should('exist').then(button => {\n  if (button) {\n    cy.get('button').contains('Copiar Senha').click();\n  }\n  cy.visit(`${Cypress.env('URL_TEST')}/admin/menu`);\n  cy.wait(400);\n  cy.logout();\n});",
              "err": {},
              "uuid": "588d8e8c-0779-4045-8b42-834e6c79c53c",
              "parentUUID": "c74d24b9-0c97-4fc2-a3a2-e7d614c7b02c",
              "isHook": false,
              "skipped": false
            },
            {
              "title": "Alteração de senha",
              "fullTitle": "Usuários devem realizar o gerenciamento do seu perfil e o crud de usuários de nível inferior Alteração de senha",
              "timedOut": null,
              "duration": 5975,
              "state": "failed",
              "speed": null,
              "pass": false,
              "fail": true,
              "pending": false,
              "context": null,
              "code": "cy.login('4', '12345678910');\ncy.wait(400);\ncy.get('a').contains('Meu Perfil').should('exist').click();\ncy.wait(400);\ncy.get('button').contains('Alterar senha').should('exist').click();\ncy.wait(400);\ncy.get('input[name=\"senha\"]').should('exist').type('87654321');\ncy.get('input[name=\"contraSenha\"]').should('exist').type('87654321');\ncy.get('button[type=\"submit\"]').contains('Salvar').should('exist').click();\ncy.wait(400);\ncy.visit(`${Cypress.env('URL_TEST')}/admin/menu`);\ncy.wait(400);\ncy.logout();",
              "err": {
                "message": "AssertionError: Timed out retrying after 4000ms: Expected to find element: `button[id=\"modal-logout-btn\"]`, but never found it.",
                "estack": "AssertionError: Timed out retrying after 4000ms: Expected to find element: `button[id=\"modal-logout-btn\"]`, but never found it.\n    at Context.eval (webpack://api-de-consulta-de-treinamentos/./cypress/support/commands.js:37:44)",
                "diff": null
              },
              "uuid": "7f1f4ffa-b4e0-4c3a-ba85-e685300ac2b0",
              "parentUUID": "c74d24b9-0c97-4fc2-a3a2-e7d614c7b02c",
              "isHook": false,
              "skipped": false
            },
            {
              "title": "Edição de usuário",
              "fullTitle": "Usuários devem realizar o gerenciamento do seu perfil e o crud de usuários de nível inferior Edição de usuário",
              "timedOut": null,
              "duration": 6229,
              "state": "passed",
              "speed": "medium",
              "pass": true,
              "fail": false,
              "pending": false,
              "context": null,
              "code": "cy.login(Cypress.env('USER_MASTER'), Cypress.env('USER_MASTER_PASSWORD'));\ncy.wait(400);\ncy.get('a').contains('Gerenciar Usuários').should('exist').click();\ncy.wait(400);\ncy.get('.navbar-toggler-icon').should('exist').click();\ncy.wait(400);\ncy.get('#generated-passwords').should('exist').click();\ncy.wait(400);\ncy.visit(`${Cypress.env('URL_TEST')}/admin/manage-users`);\ncy.wait(400);\ncy.get('#edit-user').should('exist').click();\ncy.wait(400);\ncy.get('#ultimo-nome').should('exist').clear();\ncy.get('#ultimo-nome').should('exist').type('Silveira');\ncy.get('#privilegio').should('exist').select('tecnico-campo');\ncy.get('button').contains('Editar').should('exist').click();\ncy.wait(400);",
              "err": {},
              "uuid": "50e66312-e61d-4d4b-9f8f-ab4977a140b3",
              "parentUUID": "c74d24b9-0c97-4fc2-a3a2-e7d614c7b02c",
              "isHook": false,
              "skipped": false
            },
            {
              "title": "Remoção de usuário",
              "fullTitle": "Usuários devem realizar o gerenciamento do seu perfil e o crud de usuários de nível inferior Remoção de usuário",
              "timedOut": null,
              "duration": 3764,
              "state": "passed",
              "speed": "fast",
              "pass": true,
              "fail": false,
              "pending": false,
              "context": null,
              "code": "cy.login(Cypress.env('USER_MASTER'), Cypress.env('USER_MASTER_PASSWORD'));\ncy.wait(400);\ncy.get('a').contains('Gerenciar Usuários').should('exist').click();\ncy.wait(400);\ncy.get('button[id=\"delete-user\"]').should('exist').click();\ncy.wait(400);\ncy.get('button[type=\"submit\"]').contains('Excluir').should('exist').click();",
              "err": {},
              "uuid": "4e36d857-fd27-4e58-952f-d388a68623d2",
              "parentUUID": "c74d24b9-0c97-4fc2-a3a2-e7d614c7b02c",
              "isHook": false,
              "skipped": false
            }
          ],
          "suites": [],
          "passes": [
            "588d8e8c-0779-4045-8b42-834e6c79c53c",
            "50e66312-e61d-4d4b-9f8f-ab4977a140b3",
            "4e36d857-fd27-4e58-952f-d388a68623d2"
          ],
          "failures": [
            "7f1f4ffa-b4e0-4c3a-ba85-e685300ac2b0"
          ],
          "pending": [],
          "skipped": [],
          "duration": 24076,
          "root": false,
          "rootEmpty": false,
          "_timeout": 2000
        }
      ],
      "passes": [],
      "failures": [],
      "pending": [],
      "skipped": [],
      "duration": 0,
      "root": true,
      "rootEmpty": true,
      "_timeout": 2000
    }
  ],
  "meta": {
    "mocha": {
      "version": "7.0.1"
    },
    "mochawesome": {
      "options": {
        "quiet": false,
        "reportFilename": "mochawesome",
        "saveHtml": true,
        "saveJson": true,
        "consoleReporter": "spec",
        "useInlineDiffs": false,
        "code": true
      },
      "version": "7.1.4"
    },
    "marge": {
      "options": {
        "reportDir": "cypress/results",
        "overwrite": true,
        "html": true,
        "json": true
      },
      "version": "6.3.0"
    }
  }
}